Better.Call.Saul.S01E01.1080p tv/better-call-saul-82zxv PENDING 10 240426035318
Game.of.Thrones.S01E03.1080p tv/game-of-thrones-92p7q PENDING 8 240426035318
Game.of.Thrones.S01E04.1080p tv/game-of-thrones-92p7q PENDING 8 240426035318
Game.of.Thrones.S01E05.1080p tv/game-of-thrones-92p7q PENDING 8 240426035318
Game.of.Thrones.S01E06.1080p tv/game-of-thrones-92p7q PENDING 8 240426035318
Game.of.Thrones.S01E07.1080p tv/game-of-thrones-92p7q PENDING 8 240426035318
Game.of.Thrones.S01E08.1080p tv/game-of-thrones-92p7q PENDING 8 240426035318
Game.of.Thrones.S01E09.1080p tv/game-of-thrones-92p7q PENDING 8 240426035318
Game.of.Thrones.S01E10.1080p tv/game-of-thrones-92p7q PENDING 8 240426035318
Game.of.Thrones.S02E01.1080p tv/game-of-thrones-92p7q PENDING 8 240426035318
Game.of.Thrones.S02E02.1080p tv/game-of-thrones-92p7q PENDING 8 240426035318
Game.of.Thrones.S02E03.1080p tv/game-of-thrones-92p7q PENDING 8 240426035318
Game.of.Thrones.S02E04.1080p tv/game-of-thrones-92p7q PENDING 8 240426035318
Game.of.Thrones.S02E05.1080p tv/game-of-thrones-92p7q PENDING 8 240426035318
Game.of.Thrones.S02E06.1080p tv/game-of-thrones-92p7q PENDING 8 240426035318
Game.of.Thrones.S02E07.1080p tv/game-of-thrones-92p7q PENDING 8 240426035318
Game.of.Thrones.S02E08.1080p tv/game-of-thrones-92p7q PENDING 8 240426035318
Game.of.Thrones.S02E09.1080p tv/game-of-thrones-92p7q PENDING 8 240426035318
Game.of.Thrones.S02E10.1080p tv/game-of-thrones-92p7q PENDING 8 240426035318
Game.of.Thrones.S03E01.1080p tv/game-of-thrones-92p7q PENDING 8 240426035318
Game.of.Thrones.S03E03.1080p tv/game-of-thrones-92p7q PENDING 8 240426035318
Game.of.Thrones.S03E05.1080p tv/game-of-thrones-92p7q PENDING 8 240426035318
Game.of.Thrones.S03E07.1080p tv/game-of-thrones-92p7q PENDING 8 240426035318
Game.of.Thrones.S03E09.1080p tv/game-of-thrones-92p7q PENDING 8 240426035318
Mr.Robot.S01E05.1080p tv/mr-robot-ppmp4 PENDING 8 240426035318
Mr.Robot.S01E06.1080p tv/mr-robot-ppmp4 PENDING 8 240426035318
Mr.Robot.S01E07.1080p tv/mr-robot-ppmp4 PENDING 8 240426035318
Friends.S01E02.1080p tv/friends-3rvj9 PENDING 8 240426035318
Better.Call.Saul.S06E06.1080p tv/better-call-saul-82zxv PENDING 8 240426035318
Dexter.S04E10.1080p tv/dexter-kxxxw PENDING 8 240426035318
Lost.S01E23.1080p tv/lost-3xry PENDING 8 240426035318
Lost.S01E24.1080p tv/lost-3xry PENDING 8 240426035318
Lost.S01E25.1080p tv/lost-3xry PENDING 8 240426035318
Game.of.Thrones.S03E02.1080p tv/game-of-thrones-92p7q PENDING 8 240426035318
Game.of.Thrones.S03E04.1080p tv/game-of-thrones-92p7q PENDING 8 240426035318
Game.of.Thrones.S03E06.1080p tv/game-of-thrones-92p7q PENDING 8 240426035318
Game.of.Thrones.S03E08.1080p tv/game-of-thrones-92p7q PENDING 8 240426035318
Game.of.Thrones.S03E10.1080p tv/game-of-thrones-92p7q PENDING 8 240426035318
